<?xml version="1.0" encoding="UTF-8"?>
<testsuites name="Mocha Tests" time="0.020999999999999998" tests="2" failures="0">
  <testsuite name="Root Suite" timestamp="2018-04-26T12:22:16" tests="0" failures="0" time="0">
  </testsuite>
  <testsuite name="The Nodejs Demo App" timestamp="2018-04-26T12:22:16" tests="2" file="/Users/markshaw/Documents/RIT/docker-node-demo/test/test.js" failures="0" time="0.020999999999999998">
    <testcase name="The Nodejs Demo App handles a GET request to /api" time="0.018" classname="handles a GET request to /api">
    </testcase>
    <testcase name="The Nodejs Demo App handles a GET request to /api/osInfo" time="0.003" classname="handles a GET request to /api/osInfo">
    </testcase>
  </testsuite>
</testsuites>